<?xml version="1.0" encoding="UTF-8"?>
<!-- Generated by org.testng.reporters.JUnitReportReporter -->
<testsuite skipped="0" hostname="CNCDUW0045" name="com.uiFramework.companyName.projectName.testScripts.TestLogin" tests="1" failures="0" timestamp="08 Aug 2018 02:12:43 GMT" time="16.479" errors="0">
  <testcase name="testLogin" time="16.479" classname="com.uiFramework.companyName.projectName.testScripts.TestLogin"/>
</testsuite> <!-- com.uiFramework.companyName.projectName.testScripts.TestLogin -->
