<?xml version="1.0" encoding="UTF-8"?>
<!-- Generated by org.testng.reporters.JUnitReportReporter -->
<testsuite skipped="0" hostname="CNCDUW0045" name="com.uiFramework.A" tests="1" failures="0" timestamp="07 Aug 2018 03:10:02 GMT" time="0.509" errors="0">
  <testcase name="testLogin" time="0.509" classname="com.uiFramework.A"/>
</testsuite> <!-- com.uiFramework.A -->
